2026-02-28 14:23:16.369  INFO 8032 --- [demo] [main] com.example.demo.DemoApplication         : Starting DemoApplication using Java 17.0.11 with PID 8032 (F:\Universidad\Docencia ICESI\Computación en Internet 2\2026 01\compunet2-202601\target\classes started by Kelocoes in F:\Universidad\Docencia ICESI\Computación en Internet 2\2026 01\compunet2-202601)
2026-02-28 14:23:16.378  INFO 8032 --- [demo] [main] com.example.demo.DemoApplication         : No active profile set, falling back to 1 default profile: "default"
2026-02-28 14:23:16.877  INFO 8032 --- [demo] [main] .s.d.r.c.RepositoryConfigurationDelegate : Bootstrapping Spring Data JPA repositories in DEFAULT mode.
2026-02-28 14:23:16.935  INFO 8032 --- [demo] [main] .s.d.r.c.RepositoryConfigurationDelegate : Finished Spring Data repository scanning in 50 ms. Found 5 JPA repository interfaces.
2026-02-28 14:23:17.329  INFO 8032 --- [demo] [main] o.s.boot.tomcat.TomcatWebServer          : Tomcat initialized with port 8081 (http)
2026-02-28 14:23:17.343  INFO 8032 --- [demo] [main] o.apache.catalina.core.StandardService   : Starting service [Tomcat]
2026-02-28 14:23:17.343  INFO 8032 --- [demo] [main] o.apache.catalina.core.StandardEngine    : Starting Servlet engine: [Apache Tomcat/11.0.18]
2026-02-28 14:23:17.406  INFO 8032 --- [demo] [main] b.w.c.s.WebApplicationContextInitializer : Root WebApplicationContext: initialization completed in 988 ms
2026-02-28 14:23:17.539  INFO 8032 --- [demo] [main] org.hibernate.orm.jpa                    : HHH008540: Processing PersistenceUnitInfo [name: default]
2026-02-28 14:23:17.608  INFO 8032 --- [demo] [main] org.hibernate.orm.core                   : HHH000001: Hibernate ORM core version 7.2.4.Final
2026-02-28 14:23:18.023  INFO 8032 --- [demo] [main] o.s.o.j.p.SpringPersistenceUnitInfo      : No LoadTimeWeaver setup: ignoring JPA class transformer
2026-02-28 14:23:18.056  INFO 8032 --- [demo] [main] com.zaxxer.hikari.HikariDataSource       : HikariPool-1 - Starting...
2026-02-28 14:23:18.228  INFO 8032 --- [demo] [main] com.zaxxer.hikari.pool.HikariPool        : HikariPool-1 - Added connection conn0: url=jdbc:h2:mem:db-kevin user=POSTGRES
2026-02-28 14:23:18.229  INFO 8032 --- [demo] [main] com.zaxxer.hikari.HikariDataSource       : HikariPool-1 - Start completed.
2026-02-28 14:23:18.285  INFO 8032 --- [demo] [main] org.hibernate.orm.connections.pooling    : HHH10001005: Database info:
	Database JDBC URL [jdbc:h2:mem:db-kevin]
	Database driver: H2 JDBC Driver
	Database dialect: H2Dialect
	Database version: 2.4.240
	Default catalog/schema: DB-KEVIN/PUBLIC
	Autocommit mode: undefined/unknown
	Isolation level: READ_COMMITTED [default READ_COMMITTED]
	JDBC fetch size: 100
	Pool: DataSourceConnectionProvider
	Minimum pool size: undefined/unknown
	Maximum pool size: undefined/unknown
2026-02-28 14:23:19.124  INFO 8032 --- [demo] [main] org.hibernate.orm.core                   : HHH000489: No JTA platform available (set 'hibernate.transaction.jta.platform' to enable JTA platform integration)
2026-02-28 14:23:19.189  INFO 8032 --- [demo] [main] j.LocalContainerEntityManagerFactoryBean : Initialized JPA EntityManagerFactory for persistence unit 'default'
2026-02-28 14:23:19.254  INFO 8032 --- [demo] [main] o.s.d.j.r.query.QueryEnhancerFactories   : Hibernate is in classpath; If applicable, HQL parser will be used.
2026-02-28 14:23:19.934  INFO 8032 --- [demo] [main] c.e.demo.service.impl.UserServiceImpl    : Fetching all users
2026-02-28 14:23:20.096  WARN 8032 --- [demo] [main] JpaBaseConfiguration$JpaWebConfiguration : spring.jpa.open-in-view is enabled by default. Therefore, database queries may be performed during view rendering. Explicitly configure spring.jpa.open-in-view to disable this warning
2026-02-28 14:23:20.312  INFO 8032 --- [demo] [main] o.s.b.h.a.H2ConsoleAutoConfiguration     : H2 console available at '/h2-console'. Database available at 'jdbc:h2:mem:db-kevin'
2026-02-28 14:23:20.405  INFO 8032 --- [demo] [main] o.s.boot.tomcat.TomcatWebServer          : Tomcat started on port 8081 (http) with context path '/compunet2-2026'
2026-02-28 14:23:20.410  INFO 8032 --- [demo] [main] com.example.demo.DemoApplication         : Started DemoApplication in 4.463 seconds (process running for 4.812)
2026-02-28 14:23:20.413  INFO 8032 --- [demo] [main] c.e.demo.service.impl.UserServiceImpl    : Fetching user with ID: 1
2026-02-28 14:23:20.437  INFO 8032 --- [demo] [main] c.e.demo.service.impl.UserServiceImpl    : Saving user: User(id=1, username=ImNotJohn96, email=admin@example.com, password_hash=hashed_password_1, bio=Administrator account, createdAt=2026-02-28 14:23:20.332694, birthdate=1980-01-01, role=Role(id=1, name=Admin, description=Administrator role with full access))
2026-02-28 14:23:20.484  INFO 8032 --- [demo] [main] c.e.demo.service.impl.UserServiceImpl    : Deleting user with ID: 1
2026-02-28 14:23:20.492  INFO 8032 --- [demo] [main] c.e.demo.service.impl.UserServiceImpl    : Fetching all users
2026-02-28 14:23:52.863  INFO 8032 --- [demo] [http-nio-8081-exec-1] o.a.c.c.C.[.[.[/compunet2-2026]          : Initializing Spring DispatcherServlet 'dispatcherServlet'
2026-02-28 14:23:52.864  INFO 8032 --- [demo] [http-nio-8081-exec-1] o.s.web.servlet.DispatcherServlet        : Initializing Servlet 'dispatcherServlet'
2026-02-28 14:23:52.865  INFO 8032 --- [demo] [http-nio-8081-exec-1] o.s.web.servlet.DispatcherServlet        : Completed initialization in 1 ms
2026-02-28 14:23:52.894  INFO 8032 --- [demo] [http-nio-8081-exec-1] c.e.demo.service.impl.UserServiceImpl    : Fetching all users
2026-02-28 14:24:02.533  INFO 8032 --- [demo] [http-nio-8081-exec-3] c.e.demo.service.impl.UserServiceImpl    : Fetching users for page: 0 with size: 3
2026-02-28 14:25:08.491  INFO 8032 --- [demo] [SpringApplicationShutdownHook] o.s.boot.tomcat.GracefulShutdown         : Commencing graceful shutdown. Waiting for active requests to complete
2026-02-28 14:25:08.589  INFO 8032 --- [demo] [tomcat-shutdown] o.s.boot.tomcat.GracefulShutdown         : Graceful shutdown complete
2026-02-28 14:25:08.591  INFO 8032 --- [demo] [SpringApplicationShutdownHook] j.LocalContainerEntityManagerFactoryBean : Closing JPA EntityManagerFactory for persistence unit 'default'
2026-02-28 14:25:08.597  INFO 8032 --- [demo] [SpringApplicationShutdownHook] com.zaxxer.hikari.HikariDataSource       : HikariPool-1 - Shutdown initiated...
2026-02-28 14:25:08.599  INFO 8032 --- [demo] [SpringApplicationShutdownHook] com.zaxxer.hikari.HikariDataSource       : HikariPool-1 - Shutdown completed.
